<?xml version="1.0" encoding="UTF-8"?>
<!-- Generated by org.testng.reporters.JUnitReportReporter -->
<testsuite hostname="Alissa-PC" name="at.bluesourceproject.exercisetwo.CreateEmployee" tests="2" failures="0" timestamp="24 Mar 2017 19:32:59 GMT" time="27.768" errors="0">
  <testcase name="employeeReportsToMgr" time="9.186" classname="at.bluesourceproject.exercisetwo.CreateEmployee"/>
  <testcase name="createEmployee" time="18.582" classname="at.bluesourceproject.exercisetwo.CreateEmployee"/>
</testsuite> <!-- at.bluesourceproject.exercisetwo.CreateEmployee -->
