<?xml version="1.0" encoding="UTF-8"?>
<!-- Generated by org.testng.reporters.JUnitReportReporter -->
<testsuite hostname="Alissa-PC" name="at.bluesourceproject.exercisetwo.Department" tests="5" failures="0" timestamp="28 Mar 2017 19:54:02 GMT" time="25.551" errors="0">
  <testcase name="failAddDepartments" time="9.213" classname="at.bluesourceproject.exercisetwo.Department"/>
  <testcase name="failUpdateDept" time="2.340" classname="at.bluesourceproject.exercisetwo.Department"/>
  <testcase name="updateDepartment" time="3.506" classname="at.bluesourceproject.exercisetwo.Department"/>
  <testcase name="deleteDepartment" time="7.056" classname="at.bluesourceproject.exercisetwo.Department"/>
  <testcase name="createDepartment" time="3.436" classname="at.bluesourceproject.exercisetwo.Department"/>
</testsuite> <!-- at.bluesourceproject.exercisetwo.Department -->
