<?xml version="1.0" encoding="UTF-8"?>
<!-- Generated by org.testng.reporters.JUnitReportReporter -->
<testsuite hostname="Alissa-PC" name="at.bluesourceproject.exercisetwo.Employee" tests="2" failures="0" timestamp="30 Mar 2017 19:50:25 GMT" time="23.981" errors="0">
  <testcase name="createEmployee" time="15.002" classname="at.bluesourceproject.exercisetwo.Employee"/>
  <testcase name="employeeReportsToMgr" time="8.979" classname="at.bluesourceproject.exercisetwo.Employee"/>
</testsuite> <!-- at.bluesourceproject.exercisetwo.Employee -->
