<?xml version="1.0" encoding="UTF-8"?>
<!-- Generated by org.testng.reporters.JUnitReportReporter -->
<testsuite hostname="Alissa-PC" name="at.bluesourceproject.exercisetwo.BaseLogin" tests="1" failures="0" timestamp="30 Mar 2017 19:35:35 GMT" time="10.179" errors="0">
  <testcase name="loginTest" time="10.179" classname="at.bluesourceproject.exercisetwo.BaseLogin"/>
</testsuite> <!-- at.bluesourceproject.exercisetwo.BaseLogin -->
